19/12/2014 16:27:24	This log contains information about the import schema operation into project 'KwadraatDemo' on computer 'POEKIE-PC' by user 'WesleyenLien'.
19/12/2014 16:27:25	Import of database schema has started.
19/12/2014 16:27:29	Gathering database options
19/12/2014 16:27:29	Gathering users
19/12/2014 16:27:29	Gathering roles
19/12/2014 16:27:29	Gathering application roles
19/12/2014 16:27:29	Gathering role memberships
19/12/2014 16:27:29	Gathering filegroups
19/12/2014 16:27:29	Gathering full-text catalogs
19/12/2014 16:27:29	Gathering assemblies
19/12/2014 16:27:29	Gathering certificates
19/12/2014 16:27:29	Gathering asymmetric keys
19/12/2014 16:27:29	Gathering symmetric keys
19/12/2014 16:27:29	Gathering encrypted symmetric keys
19/12/2014 16:27:29	Gathering schemas
19/12/2014 16:27:29	Gathering XML schema collections
19/12/2014 16:27:29	Gathering user-defined data types
19/12/2014 16:27:29	Gathering user-defined types
19/12/2014 16:27:29	Gathering table types
19/12/2014 16:27:29	Gathering unique keys for table types
19/12/2014 16:27:29	Gathering primary keys for table types
19/12/2014 16:27:29	Gathering indexes for table types
19/12/2014 16:27:29	Gathering check constraints for table types
19/12/2014 16:27:29	Gathering default constraints for table types
19/12/2014 16:27:29	Gathering partition functions
19/12/2014 16:27:29	Gathering partition schemes
19/12/2014 16:27:29	Gathering functions
19/12/2014 16:27:29	Gathering encrypted functions
19/12/2014 16:27:29	Gathering aggregates
19/12/2014 16:27:29	Gathering procedures
19/12/2014 16:27:29	Gathering encrypted procedures
19/12/2014 16:27:29	Gathering tables
19/12/2014 16:27:29	Gathering primary keys
19/12/2014 16:27:29	Gathering unique constraints
19/12/2014 16:27:30	Gathering foreign keys
19/12/2014 16:27:30	Gathering default constraints
19/12/2014 16:27:30	Gathering check constraints
19/12/2014 16:27:30	Gathering views
19/12/2014 16:27:30	Gathering encrypted views
19/12/2014 16:27:30	Gathering indexes
19/12/2014 16:27:30	Gathering statistics
19/12/2014 16:27:30	Gathering full-text index stoplists
19/12/2014 16:27:30	Gathering search property lists
19/12/2014 16:27:30	Gathering search properties
19/12/2014 16:27:30	Gathering full-text indexes
19/12/2014 16:27:30	Gathering column store indexes
19/12/2014 16:27:30	Gathering spatial indexes
19/12/2014 16:27:30	Gathering XML indexes
19/12/2014 16:27:30	Gathering Selective XML indexes
19/12/2014 16:27:30	Gathering encrypted triggers
19/12/2014 16:27:30	Gathering triggers
19/12/2014 16:27:30	Gathering encrypted and clr ddl triggers
19/12/2014 16:27:30	Gathering ddl triggers
19/12/2014 16:27:30	Gathering synonyms
19/12/2014 16:27:30	Gathering defaults
19/12/2014 16:27:30	Gathering data constraint uddt bindings
19/12/2014 16:27:30	Gathering rules
19/12/2014 16:27:30	Gathering data constraint uddt bindings
19/12/2014 16:27:30	Gathering message types
19/12/2014 16:27:30	Gathering queues
19/12/2014 16:27:30	Gathering contracts
19/12/2014 16:27:30	Gathering services
19/12/2014 16:27:30	Gathering event notifications
19/12/2014 16:27:30	Gathering remote service bindings
19/12/2014 16:27:30	Gathering broker priorities
19/12/2014 16:27:30	Gathering signatures
19/12/2014 16:27:30	Gathering data compression options
19/12/2014 16:27:30	Gathering sequence types
19/12/2014 16:27:30	Gathering extended properties
19/12/2014 16:27:30	Gathering credentials
19/12/2014 16:27:30	Gathering logins
19/12/2014 16:27:30	Gathering server audits
19/12/2014 16:27:30	Finished importing database.
19/12/2014 16:27:30	A summary of the import was saved to the following location: g:\Documents\Jaar 3\NET Programming\Labo\Week11\KwadraatDemo\Import Schema Logs\KwadraatDemo_20141219032724.log
19/12/2014 16:27:30	Click Finish to continue...
